<?xml version="1.0" encoding="UTF-8"?>
<!-- Generated by org.testng.reporters.JUnitReportReporter -->
<testsuite skipped="0" hostname="JayashreeD-PC" name="assignment_2.huffpost" tests="1" failures="0" timestamp="23 Jun 2017 06:39:16 GMT" time="18.409" errors="0">
  <testcase name="method_1" time="18.409" classname="assignment_2.huffpost"/>
</testsuite> <!-- assignment_2.huffpost -->
